<?xml version="1.0" encoding="UTF-8"?>
<!-- Generated by org.testng.reporters.JUnitXMLReporter -->
<testsuite hostname="Ajay3147361" ignored="1" name="Default test" tests="1" failures="0" timestamp="12 Nov 2020 05:49:03 GMT" time="89.55" errors="0">
  <testcase name="verifyTempratureSearchOnGUIPhase1" time="66.287" classname="weatherreporttest.WeatherReportTest"/>
  <testcase name="verifyTempratureSearchOnGUIPhase1" time="0.0" classname="weatherreporttest.WeatherReportTest">
    <ignored/>
  </testcase> <!-- verifyTempratureSearchOnGUIPhase1 -->
</testsuite> <!-- Default test -->
