<?xml version="1.0" encoding="UTF-8"?>
<!-- Generated by org.testng.reporters.JUnitXMLReporter -->
<testsuite hostname="Ajay3147361" ignored="1" name="Default test" tests="1" failures="0" timestamp="07 May 2021 08:36:14 GMT" time="179.356" errors="0">
  <testcase name="verifyTempratureSearchOnGUIPhase1" time="99.181" classname="weatherreporttest.WeatherReportTest"/>
  <testcase name="verifyTempratureSearchOnGUIPhase1" time="0.0" classname="weatherreporttest.WeatherReportTest">
    <ignored/>
  </testcase> <!-- verifyTempratureSearchOnGUIPhase1 -->
</testsuite> <!-- Default test -->
