<?xml version="1.0" encoding="UTF-8"?>
<testng-results skipped="0" failed="0" ignored="1" total="2" passed="1">
  <reporter-output>
  </reporter-output>
  <suite name="Default suite" duration-ms="179356" started-at="2021-05-07T08:33:15Z" finished-at="2021-05-07T08:36:14Z">
    <groups>
    </groups>
    <test name="Default test" duration-ms="179356" started-at="2021-05-07T08:33:15Z" finished-at="2021-05-07T08:36:14Z">
      <class name="com.mts.test.WeatherReportTest">
        <test-method status="PASS" signature="init()[pri:0, instance:com.mts.test.WeatherReportTest@6155d082]" name="init" is-config="true" duration-ms="18" started-at="2021-05-07T14:03:15Z" finished-at="2021-05-07T14:03:15Z">
          <reporter-output>
          </reporter-output>
        </test-method> <!-- init -->
        <test-method status="PASS" signature="openApplication()[pri:0, instance:com.mts.test.WeatherReportTest@6155d082]" name="openApplication" is-config="true" duration-ms="36572" started-at="2021-05-07T14:03:15Z" finished-at="2021-05-07T14:03:51Z">
          <reporter-output>
          </reporter-output>
        </test-method> <!-- openApplication -->
        <test-method status="PASS" signature="setup()[pri:0, instance:com.mts.test.WeatherReportTest@6155d082]" name="setup" is-config="true" duration-ms="21" started-at="2021-05-07T14:03:51Z" finished-at="2021-05-07T14:03:51Z">
          <reporter-output>
          </reporter-output>
        </test-method> <!-- setup -->
        <test-method status="PASS" signature="beforeMethodSetup(java.lang.reflect.Method)[pri:0, instance:com.mts.test.WeatherReportTest@6155d082]" name="beforeMethodSetup" is-config="true" duration-ms="153" started-at="2021-05-07T14:04:33Z" finished-at="2021-05-07T14:04:33Z">
          <params>
            <param index="0">
              <value>
                <![CDATA[public void com.mts.test.WeatherReportTest.verifyTempratureSearchOnGUIPhase1(com.mts.jsons.TestJSONData) throws java.lang.InterruptedException]]>
              </value>
            </param>
          </params>
          <reporter-output>
          </reporter-output>
        </test-method> <!-- beforeMethodSetup -->
        <test-method status="PASS" signature="verifyTempratureSearchOnGUIPhase1(com.mts.jsons.TestJSONData)[pri:0, instance:com.mts.test.WeatherReportTest@6155d082]" name="verifyTempratureSearchOnGUIPhase1" duration-ms="99181" started-at="2021-05-07T14:04:33Z" data-provider="citydata" finished-at="2021-05-07T14:06:12Z">
          <params>
            <param index="0">
              <value>
                <![CDATA[City details: [Delhi, Tokyo, Indore, Mumbai, Kolkata, Berlin, Texas] Vairance: 4]]>
              </value>
            </param>
          </params>
          <reporter-output>
          </reporter-output>
        </test-method> <!-- verifyTempratureSearchOnGUIPhase1 -->
        <test-method status="PASS" signature="cleanup(org.testng.ITestResult)[pri:0, instance:com.mts.test.WeatherReportTest@6155d082]" name="cleanup" is-config="true" duration-ms="1462" started-at="2021-05-07T14:06:12Z" finished-at="2021-05-07T14:06:14Z">
          <params>
            <param index="0">
              <value>
                <![CDATA[[TestResult name=verifyTempratureSearchOnGUIPhase1 status=SUCCESS method=WeatherReportTest.verifyTempratureSearchOnGUIPhase1(com.mts.jsons.TestJSONData)[pri:0, instance:com.mts.test.WeatherReportTest@6155d082] output={null}]]]>
              </value>
            </param>
          </params>
          <reporter-output>
          </reporter-output>
        </test-method> <!-- cleanup -->
      </class> <!-- com.mts.test.WeatherReportTest -->
    </test> <!-- Default test -->
  </suite> <!-- Default suite -->
</testng-results>
