<?xml version="1.0" encoding="UTF-8"?>
<testng-results skipped="0" failed="0" ignored="1" total="2" passed="1">
  <reporter-output>
  </reporter-output>
  <suite name="Default suite" duration-ms="89550" started-at="2020-11-12T05:47:33Z" finished-at="2020-11-12T05:49:03Z">
    <groups>
    </groups>
    <test name="Default test" duration-ms="89550" started-at="2020-11-12T05:47:33Z" finished-at="2020-11-12T05:49:03Z">
      <class name="weatherreporttest.WeatherReportTest">
        <test-method status="PASS" signature="init()[pri:0, instance:weatherreporttest.WeatherReportTest@7cd62f43]" name="init" is-config="true" duration-ms="11" started-at="2020-11-12T11:17:33Z" finished-at="2020-11-12T11:17:33Z">
          <reporter-output>
          </reporter-output>
        </test-method> <!-- init -->
        <test-method status="PASS" signature="openApplication(java.lang.reflect.Method)[pri:0, instance:weatherreporttest.WeatherReportTest@7cd62f43]" name="openApplication" is-config="true" duration-ms="18098" started-at="2020-11-12T11:17:33Z" finished-at="2020-11-12T11:17:51Z">
          <params>
            <param index="0">
              <value>
                <![CDATA[public void weatherreporttest.WeatherReportTest.verifyTempratureSearchOnGUIPhase1(jsons.TestJSONData) throws java.lang.InterruptedException]]>
              </value>
            </param>
          </params>
          <reporter-output>
          </reporter-output>
        </test-method> <!-- openApplication -->
        <test-method status="PASS" signature="verifyTempratureSearchOnGUIPhase1(jsons.TestJSONData)[pri:0, instance:weatherreporttest.WeatherReportTest@7cd62f43]" name="verifyTempratureSearchOnGUIPhase1" duration-ms="66287" started-at="2020-11-12T11:17:51Z" data-provider="citydata" finished-at="2020-11-12T11:18:58Z">
          <params>
            <param index="0">
              <value>
                <![CDATA[City details: [Delhi, Tokyo, Indore, Mumbai, Kolkata, Berlin, Texas] Vairance: 4]]>
              </value>
            </param>
          </params>
          <reporter-output>
          </reporter-output>
        </test-method> <!-- verifyTempratureSearchOnGUIPhase1 -->
        <test-method status="PASS" signature="cleanup(org.testng.ITestResult)[pri:0, instance:weatherreporttest.WeatherReportTest@7cd62f43]" name="cleanup" is-config="true" duration-ms="5063" started-at="2020-11-12T11:18:58Z" finished-at="2020-11-12T11:19:03Z">
          <params>
            <param index="0">
              <value>
                <![CDATA[[TestResult name=verifyTempratureSearchOnGUIPhase1 status=SUCCESS method=WeatherReportTest.verifyTempratureSearchOnGUIPhase1(jsons.TestJSONData)[pri:0, instance:weatherreporttest.WeatherReportTest@7cd62f43] output={null}]]]>
              </value>
            </param>
          </params>
          <reporter-output>
          </reporter-output>
        </test-method> <!-- cleanup -->
      </class> <!-- weatherreporttest.WeatherReportTest -->
    </test> <!-- Default test -->
  </suite> <!-- Default suite -->
</testng-results>
